<?xml version="1.0" encoding="UTF-8"?>
<testng-results ignored="0" total="2" passed="2" failed="0" skipped="0">
  <reporter-output>
  </reporter-output>
  <suite started-at="2023-01-11T21:36:55 IST" name="Suite" finished-at="2023-01-11T21:41:26 IST" duration-ms="271220">
    <groups>
    </groups>
    <test started-at="2023-01-11T21:36:55 IST" name="Test" finished-at="2023-01-11T21:41:26 IST" duration-ms="271220">
      <class name="TestScripts.DashboardTest">
        <test-method is-config="true" signature="setup()[pri:0, instance:TestScripts.DashboardTest@478190fc]" started-at="2023-01-11T21:36:55 IST" name="setup" finished-at="2023-01-11T21:38:22 IST" duration-ms="86880" status="PASS">
          <reporter-output>
          </reporter-output>
        </test-method> <!-- setup -->
        <test-method signature="loginTest()[pri:1, instance:TestScripts.DashboardTest@478190fc]" started-at="2023-01-11T21:38:22 IST" name="loginTest" finished-at="2023-01-11T21:38:22 IST" duration-ms="753" status="PASS">
          <reporter-output>
          </reporter-output>
        </test-method> <!-- loginTest -->
        <test-method signature="DashBoardTest()[pri:2, instance:TestScripts.DashboardTest@478190fc]" started-at="2023-01-11T21:38:22 IST" name="DashBoardTest" finished-at="2023-01-11T21:41:25 IST" duration-ms="183004" status="PASS">
          <reporter-output>
          </reporter-output>
        </test-method> <!-- DashBoardTest -->
        <test-method is-config="true" signature="afterTest()[pri:0, instance:TestScripts.DashboardTest@478190fc]" started-at="2023-01-11T21:41:25 IST" name="afterTest" finished-at="2023-01-11T21:41:26 IST" duration-ms="490" status="PASS">
          <reporter-output>
          </reporter-output>
        </test-method> <!-- afterTest -->
      </class> <!-- TestScripts.DashboardTest -->
    </test> <!-- Test -->
  </suite> <!-- Suite -->
</testng-results>
